1595630184131	mozrunner::runner	INFO	Running command: "/usr/bin/firefox" "-marionette" "-foreground" "-no-remote" "-profile" "/tmp/rust_mozprofilew9QgX6"
1595630186797	Marionette	INFO	Listening on port 43327
1595630186855	Marionette	WARN	TLS certificate errors will be ignored for this session
1595630206514	Marionette	INFO	Stopped listening on port 43327
1595630224482	mozrunner::runner	INFO	Running command: "/usr/bin/firefox" "-marionette" "-foreground" "-no-remote" "-profile" "/tmp/rust_mozprofileiWoPUl"
1595630227149	Marionette	INFO	Listening on port 42129
1595630227224	Marionette	WARN	TLS certificate errors will be ignored for this session
1595630306133	mozrunner::runner	INFO	Running command: "/usr/bin/firefox" "-marionette" "-foreground" "-no-remote" "-profile" "/tmp/rust_mozprofileyi1DdJ"
1595630308633	Marionette	INFO	Listening on port 33885
1595630308670	Marionette	WARN	TLS certificate errors will be ignored for this session
1595630312596	Marionette	INFO	Stopped listening on port 42129
1595630336085	Marionette	INFO	Stopped listening on port 33885
1595630375420	mozrunner::runner	INFO	Running command: "/usr/bin/firefox" "-marionette" "-foreground" "-no-remote" "-profile" "/tmp/rust_mozprofile0gs1jB"
1595630377892	Marionette	INFO	Listening on port 34901
1595630377938	Marionette	WARN	TLS certificate errors will be ignored for this session
1595630387087	Marionette	INFO	Stopped listening on port 34901
1595630406697	mozrunner::runner	INFO	Running command: "/usr/bin/firefox" "-marionette" "-foreground" "-no-remote" "-profile" "/tmp/rust_mozprofile9i85xf"
1595630409040	Marionette	INFO	Listening on port 42303
1595630409118	Marionette	WARN	TLS certificate errors will be ignored for this session
console.warn: LoginRecipes: "getRecipes: falling back to a synchronous message for:" "https://www.google.com"
console.error: "Store does not have a valid reducer. Make sure the argument passed to combineReducers is an object whose values are reducers."
console.warn: LoginRecipes: "getRecipes: falling back to a synchronous message for:" "https://www.google.com"
JavaScript error: resource://gre/actors/AutoCompleteChild.jsm, line 208: Error: Invalid autocomplete selectedIndex
console.warn: LoginRecipes: "getRecipes: falling back to a synchronous message for:" "https://www.google.com"
console.warn: LoginRecipes: "getRecipes: falling back to a synchronous message for:" "https://www.google.com"
console.warn: LoginRecipes: "getRecipes: falling back to a synchronous message for:" "https://www.google.com"
console.warn: LoginRecipes: "getRecipes: falling back to a synchronous message for:" "https://www.google.com"
1595630718608	mozrunner::runner	INFO	Running command: "/usr/bin/firefox" "-marionette" "-foreground" "-no-remote" "-profile" "/tmp/rust_mozprofileDbilO2"
1595630721021	Marionette	INFO	Listening on port 37709
1595630721026	Marionette	WARN	TLS certificate errors will be ignored for this session
1595630732501	Marionette	INFO	Stopped listening on port 37709
1595630736360	Marionette	INFO	Stopped listening on port 42303
1595630811066	mozrunner::runner	INFO	Running command: "/usr/bin/firefox" "-marionette" "-foreground" "-no-remote" "-profile" "/tmp/rust_mozprofilesAmSFQ"
1595630813620	Marionette	INFO	Listening on port 41205
1595630813689	Marionette	WARN	TLS certificate errors will be ignored for this session
console.error: "Store does not have a valid reducer. Make sure the argument passed to combineReducers is an object whose values are reducers."
1595630865532	mozrunner::runner	INFO	Running command: "/usr/bin/firefox" "-marionette" "-foreground" "-no-remote" "-profile" "/tmp/rust_mozprofile5Ckcki"
1595630868016	Marionette	INFO	Listening on port 43577
1595630868080	Marionette	WARN	TLS certificate errors will be ignored for this session
1595630891929	Marionette	INFO	Stopped listening on port 43577
1595630911251	mozrunner::runner	INFO	Running command: "/usr/bin/firefox" "-marionette" "-foreground" "-no-remote" "-profile" "/tmp/rust_mozprofile3GJHZK"
1595630913702	Marionette	INFO	Listening on port 34765
1595630913778	Marionette	WARN	TLS certificate errors will be ignored for this session
console.error: "Store does not have a valid reducer. Make sure the argument passed to combineReducers is an object whose values are reducers."
1595630987684	mozrunner::runner	INFO	Running command: "/usr/bin/firefox" "-marionette" "-foreground" "-no-remote" "-profile" "/tmp/rust_mozprofileaHUyQi"
1595630990443	Marionette	INFO	Listening on port 39179
1595630990536	Marionette	WARN	TLS certificate errors will be ignored for this session
1595631001855	Marionette	INFO	Stopped listening on port 39179
1595631004342	Marionette	INFO	Stopped listening on port 41205
1595631011131	Marionette	INFO	Stopped listening on port 34765
1595631144164	mozrunner::runner	INFO	Running command: "/usr/bin/firefox" "-marionette" "-foreground" "-no-remote" "-profile" "/tmp/rust_mozprofileTdDluc"
1595631146593	Marionette	INFO	Listening on port 38279
1595631146603	Marionette	WARN	TLS certificate errors will be ignored for this session
1595631153528	Marionette	INFO	Stopped listening on port 38279
1595631434923	mozrunner::runner	INFO	Running command: "/usr/bin/firefox" "-marionette" "-foreground" "-no-remote" "-profile" "/tmp/rust_mozprofile6vSAhY"
1595631437081	Marionette	INFO	Listening on port 40747
1595631437136	Marionette	WARN	TLS certificate errors will be ignored for this session

###!!! [Child][RunMessage] Error: Channel closing: too late to send/recv, messages will be lost

console.error: services.settings: 
  main/cfr-fxa Signature failed  TypeError: NetworkError when attempting to fetch resource.
console.error: services.settings: 
  main/messaging-experiments Signature failed  TypeError: NetworkError when attempting to fetch resource.
console.error: services.settings: 
  main/fxmonitor-breaches Signature failed  TypeError: NetworkError when attempting to fetch resource.
1595631452478	Marionette	INFO	Stopped listening on port 40747
1595638778955	mozrunner::runner	INFO	Running command: "/usr/bin/firefox" "-marionette" "-foreground" "-no-remote" "-profile" "/tmp/rust_mozprofileKcqKOv"
1595638781527	Marionette	INFO	Listening on port 32985
1595638781596	Marionette	WARN	TLS certificate errors will be ignored for this session
1595638781650	Marionette	INFO	Stopped listening on port 32985
1595638841502	mozrunner::runner	INFO	Running command: "/usr/bin/firefox" "-marionette" "-foreground" "-no-remote" "-profile" "/tmp/rust_mozprofileB0kD4H"
1595638844019	Marionette	INFO	Listening on port 41997
1595638844032	Marionette	WARN	TLS certificate errors will be ignored for this session
1595638844103	Marionette	INFO	Stopped listening on port 41997

###!!! [Parent][MessageChannel] Error: (msgtype=0xB000E,name=PBackgroundIDBDatabase::Msg_CloseAfterInvalidationComplete) Channel error: cannot send/recv

1595638928293	mozrunner::runner	INFO	Running command: "/usr/bin/firefox" "-marionette" "-foreground" "-no-remote" "-profile" "/tmp/rust_mozprofileqr4Y9x"
1595638930888	Marionette	INFO	Listening on port 33365
1595638930940	Marionette	WARN	TLS certificate errors will be ignored for this session
1595638930990	Marionette	INFO	Stopped listening on port 33365
1595639043306	mozrunner::runner	INFO	Running command: "/usr/bin/firefox" "-marionette" "-foreground" "-no-remote" "-profile" "/tmp/rust_mozprofileK2LbTN"
1595639045681	Marionette	INFO	Listening on port 35485
1595639045748	Marionette	WARN	TLS certificate errors will be ignored for this session
1595639045801	Marionette	INFO	Stopped listening on port 35485
1595639254741	mozrunner::runner	INFO	Running command: "/usr/bin/firefox" "-marionette" "-foreground" "-no-remote" "-profile" "/tmp/rust_mozprofileMrqLKl"
1595639257146	Marionette	INFO	Listening on port 33585
1595639257171	Marionette	WARN	TLS certificate errors will be ignored for this session
1595639257225	Marionette	INFO	Stopped listening on port 33585
1595695737197	mozrunner::runner	INFO	Running command: "/usr/bin/firefox" "-marionette" "-foreground" "-no-remote" "-profile" "/tmp/rust_mozprofileG7JgRc"
1595695739636	Marionette	INFO	Listening on port 43091
1595695739727	Marionette	WARN	TLS certificate errors will be ignored for this session
1595695739769	Marionette	INFO	Stopped listening on port 43091
1595695851214	mozrunner::runner	INFO	Running command: "/usr/bin/firefox" "-marionette" "-foreground" "-no-remote" "-profile" "/tmp/rust_mozprofileEQCocs"
1595695853491	Marionette	INFO	Listening on port 42625
1595695853568	Marionette	WARN	TLS certificate errors will be ignored for this session
1595695853620	Marionette	INFO	Stopped listening on port 42625
1595695993855	mozrunner::runner	INFO	Running command: "/usr/bin/firefox" "-marionette" "-foreground" "-no-remote" "-profile" "/tmp/rust_mozprofilepLolBj"
1595695996145	Marionette	INFO	Listening on port 43461
1595695996183	Marionette	WARN	TLS certificate errors will be ignored for this session
1595695996237	Marionette	INFO	Stopped listening on port 43461
console.error: services.settings: 
  main/fxmonitor-breaches Signature failed  TypeError: NetworkError when attempting to fetch resource.
console.error: services.settings: 
  main/messaging-experiments Signature failed  TypeError: NetworkError when attempting to fetch resource.
console.error: services.settings: 
  main/cfr-fxa Signature failed  TypeError: NetworkError when attempting to fetch resource.
1595696116256	mozrunner::runner	INFO	Running command: "/usr/bin/firefox" "-marionette" "-foreground" "-no-remote" "-profile" "/tmp/rust_mozprofileQyJ8hM"
1595696118842	Marionette	INFO	Listening on port 35051
1595696118874	Marionette	WARN	TLS certificate errors will be ignored for this session
1595696118923	Marionette	INFO	Stopped listening on port 35051
1595697212913	mozrunner::runner	INFO	Running command: "/usr/bin/firefox" "-marionette" "-foreground" "-no-remote" "-profile" "/tmp/rust_mozprofileO45BCd"
1595697215498	Marionette	INFO	Listening on port 35261
1595697215558	Marionette	WARN	TLS certificate errors will be ignored for this session
1595697242196	Marionette	INFO	Stopped listening on port 35261
1595697246313	mozrunner::runner	INFO	Running command: "/usr/bin/firefox" "-marionette" "-foreground" "-no-remote" "-profile" "/tmp/rust_mozprofilePaNkE2"
1595697249221	Marionette	INFO	Listening on port 46233
1595697249251	Marionette	WARN	TLS certificate errors will be ignored for this session
1595697284863	Marionette	INFO	Stopped listening on port 46233
1595697339701	mozrunner::runner	INFO	Running command: "/usr/bin/firefox" "-marionette" "-foreground" "-no-remote" "-profile" "/tmp/rust_mozprofile2ItUNa"
1595697342344	Marionette	INFO	Listening on port 36835
1595697342434	Marionette	WARN	TLS certificate errors will be ignored for this session
1595697342508	Marionette	INFO	Stopped listening on port 36835
1595697360241	mozrunner::runner	INFO	Running command: "/usr/bin/firefox" "-marionette" "-foreground" "-no-remote" "-profile" "/tmp/rust_mozprofileh2Uuw1"
1595697362814	Marionette	INFO	Listening on port 40143
1595697362886	Marionette	WARN	TLS certificate errors will be ignored for this session
1595697362927	Marionette	INFO	Stopped listening on port 40143
1595697375668	mozrunner::runner	INFO	Running command: "/usr/bin/firefox" "-marionette" "-foreground" "-no-remote" "-profile" "/tmp/rust_mozprofilenkLWe1"
1595697378077	Marionette	INFO	Listening on port 37629
1595697378094	Marionette	WARN	TLS certificate errors will be ignored for this session
1595697379649	Marionette	INFO	Stopped listening on port 37629
1595697512390	mozrunner::runner	INFO	Running command: "/usr/bin/firefox" "-marionette" "-foreground" "-no-remote" "-profile" "/tmp/rust_mozprofile6bRx79"
1595697514815	Marionette	INFO	Listening on port 46349
1595697514906	Marionette	WARN	TLS certificate errors will be ignored for this session
1595697514962	Marionette	INFO	Stopped listening on port 46349
1595697598734	mozrunner::runner	INFO	Running command: "/usr/bin/firefox" "-marionette" "-foreground" "-no-remote" "-profile" "/tmp/rust_mozprofile7sT9dr"
1595697601195	Marionette	INFO	Listening on port 35975
1595697601249	Marionette	WARN	TLS certificate errors will be ignored for this session
1595697601287	Marionette	INFO	Stopped listening on port 35975
1595697645853	mozrunner::runner	INFO	Running command: "/usr/bin/firefox" "-marionette" "-foreground" "-no-remote" "-profile" "/tmp/rust_mozprofileOotAYy"
1595697648188	Marionette	INFO	Listening on port 38827
1595697648285	Marionette	WARN	TLS certificate errors will be ignored for this session
1595697648342	Marionette	INFO	Stopped listening on port 38827
1595697679324	mozrunner::runner	INFO	Running command: "/usr/bin/firefox" "-marionette" "-foreground" "-no-remote" "-profile" "/tmp/rust_mozprofilezQSQDt"
1595697681747	Marionette	INFO	Listening on port 43301
1595697681844	Marionette	WARN	TLS certificate errors will be ignored for this session
1595697681885	Marionette	INFO	Stopped listening on port 43301
1595697709964	mozrunner::runner	INFO	Running command: "/usr/bin/firefox" "-marionette" "-foreground" "-no-remote" "-profile" "/tmp/rust_mozprofilejU5bMU"
1595697712363	Marionette	INFO	Listening on port 38129
1595697712388	Marionette	WARN	TLS certificate errors will be ignored for this session
1595697712426	Marionette	INFO	Stopped listening on port 38129
1595697741595	mozrunner::runner	INFO	Running command: "/usr/bin/firefox" "-marionette" "-foreground" "-no-remote" "-profile" "/tmp/rust_mozprofileAb0op4"
1595697744196	Marionette	INFO	Listening on port 38175
1595697744225	Marionette	WARN	TLS certificate errors will be ignored for this session
1595697745725	Marionette	INFO	Stopped listening on port 38175
1595697933513	mozrunner::runner	INFO	Running command: "/usr/bin/firefox" "-marionette" "-foreground" "-no-remote" "-profile" "/tmp/rust_mozprofilecwPRkA"
1595697935970	Marionette	INFO	Listening on port 33813
1595697936052	Marionette	WARN	TLS certificate errors will be ignored for this session
1595697937593	Marionette	INFO	Stopped listening on port 33813
1595697950516	mozrunner::runner	INFO	Running command: "/usr/bin/firefox" "-marionette" "-foreground" "-no-remote" "-profile" "/tmp/rust_mozprofilewIWgXL"
1595697953230	Marionette	INFO	Listening on port 43915
1595697953243	Marionette	WARN	TLS certificate errors will be ignored for this session
1595697955360	Marionette	INFO	Stopped listening on port 43915
JavaScript error: https://www.gstatic.com/_/mss/boq-one-google/_/js/k=boq-one-google.OneGoogleWidgetUi.pt_BR.e9lNhqq7gHI.es5.O/am=JBA/d=1/excm=_b,_tp,appwidgetnoauthview/ed=1/dg=0/wt=2/ct=zgms/rs=AM-SdHuBDd0HoBSs4hvMFWphbCvOJDqkxA/m=_b,_tp, line 411: NS_ERROR_NOT_INITIALIZED: 

###!!! [Child][RunMessage] Error: Channel closing: too late to send/recv, messages will be lost


###!!! [Child][RunMessage] Error: Channel closing: too late to send/recv, messages will be lost


###!!! [Child][RunMessage] Error: Channel closing: too late to send/recv, messages will be lost

1595698030887	mozrunner::runner	INFO	Running command: "/usr/bin/firefox" "-marionette" "-foreground" "-no-remote" "-profile" "/tmp/rust_mozprofilekkklbE"
1595698033495	Marionette	INFO	Listening on port 45197
1595698033513	Marionette	WARN	TLS certificate errors will be ignored for this session
1595698034980	Marionette	INFO	Stopped listening on port 45197
1595698282086	mozrunner::runner	INFO	Running command: "/usr/bin/firefox" "-marionette" "-foreground" "-no-remote" "-profile" "/tmp/rust_mozprofilepclBYr"
1595698284527	Marionette	INFO	Listening on port 43375
1595698284543	Marionette	WARN	TLS certificate errors will be ignored for this session
1595698288646	Marionette	INFO	Stopped listening on port 43375
1595698313646	mozrunner::runner	INFO	Running command: "/usr/bin/firefox" "-marionette" "-foreground" "-no-remote" "-profile" "/tmp/rust_mozprofileFijWRE"
1595698316279	Marionette	INFO	Listening on port 41463
1595698316287	Marionette	WARN	TLS certificate errors will be ignored for this session
1595698320815	Marionette	INFO	Stopped listening on port 41463

###!!! [Child][RunMessage] Error: Channel closing: too late to send/recv, messages will be lost

1595698348269	mozrunner::runner	INFO	Running command: "/usr/bin/firefox" "-marionette" "-foreground" "-no-remote" "-profile" "/tmp/rust_mozprofileTI16Za"
1595698350653	Marionette	INFO	Listening on port 43919
1595698350693	Marionette	WARN	TLS certificate errors will be ignored for this session
1595698358739	Marionette	INFO	Stopped listening on port 43919
1595698401435	mozrunner::runner	INFO	Running command: "/usr/bin/firefox" "-marionette" "-foreground" "-no-remote" "-profile" "/tmp/rust_mozprofileelthfH"
1595698403762	Marionette	INFO	Listening on port 44113
1595698403866	Marionette	WARN	TLS certificate errors will be ignored for this session
1595698410097	Marionette	INFO	Stopped listening on port 44113
1595698418744	mozrunner::runner	INFO	Running command: "/usr/bin/firefox" "-marionette" "-foreground" "-no-remote" "-profile" "/tmp/rust_mozprofile7KQCp1"
1595698421337	Marionette	INFO	Listening on port 39181
1595698421391	Marionette	WARN	TLS certificate errors will be ignored for this session
1595698428188	Marionette	INFO	Stopped listening on port 39181
1595702606918	mozrunner::runner	INFO	Running command: "/usr/bin/firefox" "-marionette" "-foreground" "-no-remote" "-profile" "/tmp/rust_mozprofiledmUASQ"
1595702609318	Marionette	INFO	Listening on port 37629
1595702609343	Marionette	WARN	TLS certificate errors will be ignored for this session
1595702615920	Marionette	INFO	Stopped listening on port 37629
1595702629786	mozrunner::runner	INFO	Running command: "/usr/bin/firefox" "-marionette" "-foreground" "-no-remote" "-profile" "/tmp/rust_mozprofileNhxMoI"
1595702632288	Marionette	INFO	Listening on port 38331
1595702632325	Marionette	WARN	TLS certificate errors will be ignored for this session
1595702644589	Marionette	INFO	Stopped listening on port 38331
1595702655422	mozrunner::runner	INFO	Running command: "/usr/bin/firefox" "-marionette" "-foreground" "-no-remote" "-profile" "/tmp/rust_mozprofile9WeMkH"
1595702657845	Marionette	INFO	Listening on port 35519
1595702657858	Marionette	WARN	TLS certificate errors will be ignored for this session
1595702688105	Marionette	INFO	Stopped listening on port 35519
1595702690503	mozrunner::runner	INFO	Running command: "/usr/bin/firefox" "-marionette" "-foreground" "-no-remote" "-profile" "/tmp/rust_mozprofileZlIvPw"
1595702692828	Marionette	INFO	Listening on port 34723
1595702692928	Marionette	WARN	TLS certificate errors will be ignored for this session
1595702705125	Marionette	INFO	Stopped listening on port 34723
1595703443890	mozrunner::runner	INFO	Running command: "/usr/bin/firefox" "-marionette" "-foreground" "-no-remote" "-profile" "/tmp/rust_mozprofilevIEDfC"
1595703446410	Marionette	INFO	Listening on port 38841
1595703446512	Marionette	WARN	TLS certificate errors will be ignored for this session
1595703477844	Marionette	INFO	Stopped listening on port 38841
1595703479777	mozrunner::runner	INFO	Running command: "/usr/bin/firefox" "-marionette" "-foreground" "-no-remote" "-profile" "/tmp/rust_mozprofilehw4k1f"
1595703482212	Marionette	INFO	Listening on port 40177
1595703482303	Marionette	WARN	TLS certificate errors will be ignored for this session
1595703521688	mozrunner::runner	INFO	Running command: "/usr/bin/firefox" "-marionette" "-foreground" "-no-remote" "-profile" "/tmp/rust_mozprofileejoW7J"
1595703524389	Marionette	INFO	Listening on port 36757
1595703524413	Marionette	WARN	TLS certificate errors will be ignored for this session
1595703561178	mozrunner::runner	INFO	Running command: "/usr/bin/firefox" "-marionette" "-foreground" "-no-remote" "-profile" "/tmp/rust_mozprofileFdg1Fa"
1595703564003	Marionette	INFO	Listening on port 45161
1595703564105	Marionette	WARN	TLS certificate errors will be ignored for this session
1595703570891	Marionette	INFO	Stopped listening on port 40177
1595703574288	Marionette	INFO	Stopped listening on port 45161
1595703575982	Marionette	INFO	Stopped listening on port 36757
1595703876950	mozrunner::runner	INFO	Running command: "/usr/bin/firefox" "-marionette" "-foreground" "-no-remote" "-profile" "/tmp/rust_mozprofileu34eRs"
1595703879505	Marionette	INFO	Listening on port 39979
1595703879578	Marionette	WARN	TLS certificate errors will be ignored for this session
1595703879680	Marionette	INFO	Stopped listening on port 39979
1595704033817	mozrunner::runner	INFO	Running command: "/usr/bin/firefox" "-marionette" "-foreground" "-no-remote" "-profile" "/tmp/rust_mozprofile1ITxLL"
1595704036306	Marionette	INFO	Listening on port 42813
1595704036340	Marionette	WARN	TLS certificate errors will be ignored for this session
1595704043167	mozrunner::runner	INFO	Running command: "/usr/bin/firefox" "-marionette" "-foreground" "-no-remote" "-profile" "/tmp/rust_mozprofilemKkYRF"
1595704046981	Marionette	INFO	Listening on port 34781
1595704047045	Marionette	WARN	TLS certificate errors will be ignored for this session
1595704047123	Marionette	INFO	Stopped listening on port 34781
console.warn: services.settings: main/cfr sync interrupted by shutdown
1595704094881	mozrunner::runner	INFO	Running command: "/usr/bin/firefox" "-marionette" "-foreground" "-no-remote" "-profile" "/tmp/rust_mozprofile21svo0"
1595704097568	Marionette	INFO	Listening on port 35003
1595704097607	Marionette	WARN	TLS certificate errors will be ignored for this session
1595704104850	mozrunner::runner	INFO	Running command: "/usr/bin/firefox" "-marionette" "-foreground" "-no-remote" "-profile" "/tmp/rust_mozprofileHzl0O3"
1595704107448	Marionette	INFO	Listening on port 45045
1595704107486	Marionette	WARN	TLS certificate errors will be ignored for this session
1595704107534	Marionette	INFO	Stopped listening on port 45045
1595704117669	Marionette	INFO	Stopped listening on port 35003
1595704142895	Marionette	INFO	Stopped listening on port 42813
1595704144956	mozrunner::runner	INFO	Running command: "/usr/bin/firefox" "-marionette" "-foreground" "-no-remote" "-profile" "/tmp/rust_mozprofileBq68Tp"
1595704147609	Marionette	INFO	Listening on port 40157
1595704147679	Marionette	WARN	TLS certificate errors will be ignored for this session
1595704147709	Marionette	INFO	Stopped listening on port 40157
1595704340739	mozrunner::runner	INFO	Running command: "/usr/bin/firefox" "-marionette" "-foreground" "-no-remote" "-profile" "/tmp/rust_mozprofile6K9A4j"
1595704343090	Marionette	INFO	Listening on port 33077
1595704343153	Marionette	WARN	TLS certificate errors will be ignored for this session
1595704351624	mozrunner::runner	INFO	Running command: "/usr/bin/firefox" "-marionette" "-foreground" "-no-remote" "-profile" "/tmp/rust_mozprofile0dplgU"
1595704354398	Marionette	INFO	Listening on port 41645
1595704354456	Marionette	WARN	TLS certificate errors will be ignored for this session
1595704354487	Marionette	INFO	Stopped listening on port 41645
1595704607491	mozrunner::runner	INFO	Running command: "/usr/bin/firefox" "-marionette" "-foreground" "-no-remote" "-profile" "/tmp/rust_mozprofileBEsKCV"
1595704610099	Marionette	INFO	Listening on port 33113
1595704610140	Marionette	WARN	TLS certificate errors will be ignored for this session
1595704715570	mozrunner::runner	INFO	Running command: "/usr/bin/firefox" "-marionette" "-foreground" "-no-remote" "-profile" "/tmp/rust_mozprofilel9XCbu"
1595704718316	Marionette	INFO	Listening on port 42437
1595704718395	Marionette	WARN	TLS certificate errors will be ignored for this session
1595704743501	mozrunner::runner	INFO	Running command: "/usr/bin/firefox" "-marionette" "-foreground" "-no-remote" "-profile" "/tmp/rust_mozprofileWOqAPq"
1595704746516	Marionette	INFO	Listening on port 39655
1595704746534	Marionette	WARN	TLS certificate errors will be ignored for this session
1595704772768	mozrunner::runner	INFO	Running command: "/usr/bin/firefox" "-marionette" "-foreground" "-no-remote" "-profile" "/tmp/rust_mozprofilezGeaN0"
1595704774872	Marionette	INFO	Stopped listening on port 39655
1595704775769	Marionette	INFO	Listening on port 44615
1595704775787	Marionette	WARN	TLS certificate errors will be ignored for this session
1595704809575	Marionette	INFO	Stopped listening on port 44615
1595704867539	mozrunner::runner	INFO	Running command: "/usr/bin/firefox" "-marionette" "-foreground" "-no-remote" "-profile" "/tmp/rust_mozprofileepRIA7"
1595704870228	Marionette	INFO	Listening on port 34047
1595704870265	Marionette	WARN	TLS certificate errors will be ignored for this session
1595705035055	mozrunner::runner	INFO	Running command: "/usr/bin/firefox" "-marionette" "-foreground" "-no-remote" "-profile" "/tmp/rust_mozprofile168mzr"
1595705037787	Marionette	INFO	Listening on port 44809
1595705037887	Marionette	WARN	TLS certificate errors will be ignored for this session
1595705080506	mozrunner::runner	INFO	Running command: "/usr/bin/firefox" "-marionette" "-foreground" "-no-remote" "-profile" "/tmp/rust_mozprofilervoN7U"
1595705083173	Marionette	INFO	Listening on port 46569
1595705083242	Marionette	WARN	TLS certificate errors will be ignored for this session
1595705145186	mozrunner::runner	INFO	Running command: "/usr/bin/firefox" "-marionette" "-foreground" "-no-remote" "-profile" "/tmp/rust_mozprofileioXH0F"
1595705148214	Marionette	INFO	Listening on port 42617
1595705148233	Marionette	WARN	TLS certificate errors will be ignored for this session
1595705169190	mozrunner::runner	INFO	Running command: "/usr/bin/firefox" "-marionette" "-foreground" "-no-remote" "-profile" "/tmp/rust_mozprofileUG2ley"
1595705172020	Marionette	INFO	Listening on port 41915
1595705172029	Marionette	WARN	TLS certificate errors will be ignored for this session
1595705228822	Marionette	INFO	Stopped listening on port 41915
1595705237864	Marionette	INFO	Stopped listening on port 42617
1595705240922	Marionette	INFO	Stopped listening on port 46569
1595705242578	Marionette	INFO	Stopped listening on port 44809
1595705245987	Marionette	INFO	Stopped listening on port 34047
1595705248327	Marionette	INFO	Stopped listening on port 42437
1595705250235	Marionette	INFO	Stopped listening on port 33113
1595705252512	Marionette	INFO	Stopped listening on port 33077
1595705383078	mozrunner::runner	INFO	Running command: "/usr/bin/firefox" "-marionette" "-foreground" "-no-remote" "-profile" "/tmp/rust_mozprofileyn2FPt"
1595705385514	Marionette	INFO	Listening on port 37889
1595705385597	Marionette	WARN	TLS certificate errors will be ignored for this session
1595705393719	mozrunner::runner	INFO	Running command: "/usr/bin/firefox" "-marionette" "-foreground" "-no-remote" "-profile" "/tmp/rust_mozprofilezKl9S3"
1595705396507	Marionette	INFO	Listening on port 42399
1595705396547	Marionette	WARN	TLS certificate errors will be ignored for this session
1595705396646	Marionette	INFO	Stopped listening on port 42399
1595705680435	mozrunner::runner	INFO	Running command: "/usr/bin/firefox" "-marionette" "-foreground" "-no-remote" "-profile" "/tmp/rust_mozprofileVxl0UB"
1595705683087	Marionette	INFO	Listening on port 38231
1595705683156	Marionette	WARN	TLS certificate errors will be ignored for this session
1595705683198	Marionette	INFO	Stopped listening on port 38231
1595705769504	Marionette	INFO	Stopped listening on port 37889
1595706026087	mozrunner::runner	INFO	Running command: "/usr/bin/firefox" "-marionette" "-foreground" "-no-remote" "-profile" "/tmp/rust_mozprofilebw3OKC"
1595706028533	Marionette	INFO	Listening on port 37677
1595706028619	Marionette	WARN	TLS certificate errors will be ignored for this session
1595706038378	Marionette	INFO	Stopped listening on port 37677
1595706379373	mozrunner::runner	INFO	Running command: "/usr/bin/firefox" "-marionette" "-foreground" "-no-remote" "-profile" "/tmp/rust_mozprofilex81sq0"
1595706381689	Marionette	INFO	Listening on port 43103
1595706381788	Marionette	WARN	TLS certificate errors will be ignored for this session
1595706391448	Marionette	INFO	Stopped listening on port 43103
1595706466003	mozrunner::runner	INFO	Running command: "/usr/bin/firefox" "-marionette" "-foreground" "-no-remote" "-profile" "/tmp/rust_mozprofileyGhDq1"
1595706468396	Marionette	INFO	Listening on port 41223
1595706468418	Marionette	WARN	TLS certificate errors will be ignored for this session
1595706476807	Marionette	INFO	Stopped listening on port 41223
1595706517478	mozrunner::runner	INFO	Running command: "/usr/bin/firefox" "-marionette" "-foreground" "-no-remote" "-profile" "/tmp/rust_mozprofileHk067Y"
1595706519770	Marionette	INFO	Listening on port 42599
1595706519810	Marionette	WARN	TLS certificate errors will be ignored for this session
1595706528502	Marionette	INFO	Stopped listening on port 42599
1595706591320	mozrunner::runner	INFO	Running command: "/usr/bin/firefox" "-marionette" "-foreground" "-no-remote" "-profile" "/tmp/rust_mozprofileXv69jS"
1595706593585	Marionette	INFO	Listening on port 36549
1595706593646	Marionette	WARN	TLS certificate errors will be ignored for this session
1595706601674	Marionette	INFO	Stopped listening on port 36549
1595706642428	mozrunner::runner	INFO	Running command: "/usr/bin/firefox" "-marionette" "-foreground" "-no-remote" "-profile" "/tmp/rust_mozprofileEGdBrP"
1595706644923	Marionette	INFO	Listening on port 33831
1595706644947	Marionette	WARN	TLS certificate errors will be ignored for this session
1595706653519	Marionette	INFO	Stopped listening on port 33831
1595706927372	mozrunner::runner	INFO	Running command: "/usr/bin/firefox" "-marionette" "-foreground" "-no-remote" "-profile" "/tmp/rust_mozprofileu3EdWR"
1595706929727	Marionette	INFO	Listening on port 38985
1595706929797	Marionette	WARN	TLS certificate errors will be ignored for this session
1595706938019	Marionette	INFO	Stopped listening on port 38985
1595707020595	mozrunner::runner	INFO	Running command: "/usr/bin/firefox" "-marionette" "-foreground" "-no-remote" "-profile" "/tmp/rust_mozprofileZDwuCT"
1595707023045	Marionette	INFO	Listening on port 41307
1595707023122	Marionette	WARN	TLS certificate errors will be ignored for this session
1595707030645	Marionette	INFO	Stopped listening on port 41307
1595707215003	mozrunner::runner	INFO	Running command: "/usr/bin/firefox" "-marionette" "-foreground" "-no-remote" "-profile" "/tmp/rust_mozprofiletjfK4W"
1595707217323	Marionette	INFO	Listening on port 40751
1595707217420	Marionette	WARN	TLS certificate errors will be ignored for this session
console.error: "Store does not have a valid reducer. Make sure the argument passed to combineReducers is an object whose values are reducers."
1595707443548	Marionette	INFO	Stopped listening on port 40751
1595707476212	mozrunner::runner	INFO	Running command: "/usr/bin/firefox" "-marionette" "-foreground" "-no-remote" "-profile" "/tmp/rust_mozprofilewEdp5f"
1595707478633	Marionette	INFO	Listening on port 42191
1595707478748	Marionette	WARN	TLS certificate errors will be ignored for this session
console.error: "Store does not have a valid reducer. Make sure the argument passed to combineReducers is an object whose values are reducers."
1595707633805	Marionette	INFO	Stopped listening on port 42191
1595707641602	mozrunner::runner	INFO	Running command: "/usr/bin/firefox" "-marionette" "-foreground" "-no-remote" "-profile" "/tmp/rust_mozprofileisEakf"
1595707643977	Marionette	INFO	Listening on port 40027
1595707644020	Marionette	WARN	TLS certificate errors will be ignored for this session
1595707736388	mozrunner::runner	INFO	Running command: "/usr/bin/firefox" "-marionette" "-foreground" "-no-remote" "-profile" "/tmp/rust_mozprofileAGdh8I"
1595707738851	Marionette	INFO	Listening on port 41255
1595707738923	Marionette	WARN	TLS certificate errors will be ignored for this session
1595707741302	Marionette	INFO	Stopped listening on port 40027
console.error: "Store does not have a valid reducer. Make sure the argument passed to combineReducers is an object whose values are reducers."
console.error: "Error writing request: getGrids"
1595708088947	Marionette	INFO	Stopped listening on port 41255
1595708347336	mozrunner::runner	INFO	Running command: "/usr/bin/firefox" "-marionette" "-foreground" "-no-remote" "-profile" "/tmp/rust_mozprofile53IJmT"
1595708349694	Marionette	INFO	Listening on port 45377
1595708349761	Marionette	WARN	TLS certificate errors will be ignored for this session

###!!! [Parent][MessageChannel] Error: (msgtype=0x1D0011,name=PBackgroundStorage::Msg_Observe) Channel error: cannot send/recv

1595708397183	Marionette	INFO	Stopped listening on port 45377
1595708433735	mozrunner::runner	INFO	Running command: "/usr/bin/firefox" "-marionette" "-foreground" "-no-remote" "-profile" "/tmp/rust_mozprofileLmBMvV"
1595708436184	Marionette	INFO	Listening on port 43279
1595708436202	Marionette	WARN	TLS certificate errors will be ignored for this session
JavaScript error: chrome://browser/content/browser-customization.js, line 172: NS_ERROR_NOT_INITIALIZED: 
1595708440895	Marionette	INFO	Stopped listening on port 43279
1595708443731	mozrunner::runner	INFO	Running command: "/usr/bin/firefox" "-marionette" "-foreground" "-no-remote" "-profile" "/tmp/rust_mozprofileWN5Ffh"
1595708446186	Marionette	INFO	Listening on port 34459
1595708446256	Marionette	WARN	TLS certificate errors will be ignored for this session
1595708460020	Marionette	INFO	Stopped listening on port 34459
1595708867829	mozrunner::runner	INFO	Running command: "/usr/bin/firefox" "-marionette" "-foreground" "-no-remote" "-profile" "/tmp/rust_mozprofileXRsKO6"
1595708870145	Marionette	INFO	Listening on port 40791
1595708870159	Marionette	WARN	TLS certificate errors will be ignored for this session
1595709090293	Marionette	INFO	Stopped listening on port 40791
1595709092078	mozrunner::runner	INFO	Running command: "/usr/bin/firefox" "-marionette" "-foreground" "-no-remote" "-profile" "/tmp/rust_mozprofileBzZg6s"
1595709094460	Marionette	INFO	Listening on port 43417
1595709094508	Marionette	WARN	TLS certificate errors will be ignored for this session
1595709146743	mozrunner::runner	INFO	Running command: "/usr/bin/firefox" "-marionette" "-foreground" "-no-remote" "-profile" "/tmp/rust_mozprofilemsoqmI"
1595709152713	Marionette	INFO	Stopped listening on port 43417
1595709161229	mozrunner::runner	INFO	Running command: "/usr/bin/firefox" "-marionette" "-foreground" "-no-remote" "-profile" "/tmp/rust_mozprofileUJEY85"
1595709163658	Marionette	INFO	Listening on port 42283
1595709163754	Marionette	WARN	TLS certificate errors will be ignored for this session
console.error: "Store does not have a valid reducer. Make sure the argument passed to combineReducers is an object whose values are reducers."
1595709283525	Marionette	INFO	Stopped listening on port 42283
1595709453909	mozrunner::runner	INFO	Running command: "/usr/bin/firefox" "-marionette" "-foreground" "-no-remote" "-profile" "/tmp/rust_mozprofiledwxOv6"
1595709456328	Marionette	INFO	Listening on port 46327
1595709456427	Marionette	WARN	TLS certificate errors will be ignored for this session
1595709485138	mozrunner::runner	INFO	Running command: "/usr/bin/firefox" "-marionette" "-foreground" "-no-remote" "-profile" "/tmp/rust_mozprofileXLHX3t"
1595709487713	Marionette	INFO	Listening on port 45591
1595709487791	Marionette	WARN	TLS certificate errors will be ignored for this session
console.error: "Store does not have a valid reducer. Make sure the argument passed to combineReducers is an object whose values are reducers."
1595709587032	Marionette	INFO	Stopped listening on port 45591
1595709593810	mozrunner::runner	INFO	Running command: "/usr/bin/firefox" "-marionette" "-foreground" "-no-remote" "-profile" "/tmp/rust_mozprofileVj9j3m"
1595709596339	Marionette	INFO	Listening on port 46073
1595709596432	Marionette	WARN	TLS certificate errors will be ignored for this session
1595709816381	Marionette	INFO	Stopped listening on port 46073
1595709819453	Marionette	INFO	Stopped listening on port 46327
1595715509195	mozrunner::runner	INFO	Running command: "/usr/bin/firefox" "-marionette" "-foreground" "-no-remote" "-profile" "/tmp/rust_mozprofilerVe6Xt"
1595715511955	Marionette	INFO	Listening on port 40491
1595715512011	Marionette	WARN	TLS certificate errors will be ignored for this session
1595715554902	Marionette	INFO	Stopped listening on port 40491
1595716449610	mozrunner::runner	INFO	Running command: "/usr/bin/firefox" "-marionette" "-foreground" "-no-remote" "-profile" "/tmp/rust_mozprofilemgP27A"
1595716453162	Marionette	INFO	Listening on port 33369
1595716453249	Marionette	WARN	TLS certificate errors will be ignored for this session
1595716501897	Marionette	INFO	Stopped listening on port 33369
1595716760226	mozrunner::runner	INFO	Running command: "/usr/bin/firefox" "-marionette" "-foreground" "-no-remote" "-profile" "/tmp/rust_mozprofileFTaaxi"
1595716762932	Marionette	INFO	Listening on port 40021
1595716762966	Marionette	WARN	TLS certificate errors will be ignored for this session
1595716805107	Marionette	INFO	Stopped listening on port 40021
1595716878076	mozrunner::runner	INFO	Running command: "/usr/bin/firefox" "-marionette" "-foreground" "-no-remote" "-profile" "/tmp/rust_mozprofileyM5rsQ"
1595716880737	Marionette	INFO	Listening on port 43883
1595716880795	Marionette	WARN	TLS certificate errors will be ignored for this session
1595716923333	Marionette	INFO	Stopped listening on port 43883
1595717070658	mozrunner::runner	INFO	Running command: "/usr/bin/firefox" "-marionette" "-foreground" "-no-remote" "-profile" "/tmp/rust_mozprofileiUePeb"
1595717073305	Marionette	INFO	Listening on port 42751
1595717073389	Marionette	WARN	TLS certificate errors will be ignored for this session
1595717118522	Marionette	INFO	Stopped listening on port 42751
1595717174753	mozrunner::runner	INFO	Running command: "/usr/bin/firefox" "-marionette" "-foreground" "-no-remote" "-profile" "/tmp/rust_mozprofile955m4Y"
1595717177764	Marionette	INFO	Listening on port 40253
1595717177782	Marionette	WARN	TLS certificate errors will be ignored for this session
1595717225623	Marionette	INFO	Stopped listening on port 40253
1595717312626	mozrunner::runner	INFO	Running command: "/usr/bin/firefox" "-marionette" "-foreground" "-no-remote" "-profile" "/tmp/rust_mozprofile0huPmF"
1595717315732	Marionette	INFO	Listening on port 39715
1595717315760	Marionette	WARN	TLS certificate errors will be ignored for this session
1595717365541	Marionette	INFO	Stopped listening on port 39715
1595717491096	mozrunner::runner	INFO	Running command: "/usr/bin/firefox" "-marionette" "-foreground" "-no-remote" "-profile" "/tmp/rust_mozprofile0VGyNT"
1595717493630	Marionette	INFO	Listening on port 37979
1595717493718	Marionette	WARN	TLS certificate errors will be ignored for this session
1595717545316	Marionette	INFO	Stopped listening on port 37979
1595721108214	mozrunner::runner	INFO	Running command: "/usr/bin/firefox" "-marionette" "-foreground" "-no-remote" "-profile" "/tmp/rust_mozprofileEEcx6I"
1595721110783	Marionette	INFO	Listening on port 38275
1595721110846	Marionette	WARN	TLS certificate errors will be ignored for this session
1595721116192	Marionette	INFO	Stopped listening on port 38275
1595721157290	mozrunner::runner	INFO	Running command: "/usr/bin/firefox" "-marionette" "-foreground" "-no-remote" "-profile" "/tmp/rust_mozprofile3rdaWP"
1595721159787	Marionette	INFO	Listening on port 37525
1595721159807	Marionette	WARN	TLS certificate errors will be ignored for this session
1595721165853	Marionette	INFO	Stopped listening on port 37525
1595721447545	mozrunner::runner	INFO	Running command: "/usr/bin/firefox" "-marionette" "-foreground" "-no-remote" "-profile" "/tmp/rust_mozprofile3jVLsP"
1595721450028	Marionette	INFO	Listening on port 45545
1595721450091	Marionette	WARN	TLS certificate errors will be ignored for this session
1595721458435	Marionette	INFO	Stopped listening on port 45545
1595721795796	mozrunner::runner	INFO	Running command: "/usr/bin/firefox" "-marionette" "-foreground" "-no-remote" "-profile" "/tmp/rust_mozprofilebGO8ur"
1595721798445	Marionette	INFO	Listening on port 35357
1595721798515	Marionette	WARN	TLS certificate errors will be ignored for this session
1595721807214	Marionette	INFO	Stopped listening on port 35357
1595721945065	mozrunner::runner	INFO	Running command: "/usr/bin/firefox" "-marionette" "-foreground" "-no-remote" "-profile" "/tmp/rust_mozprofileMZ6drZ"
1595721947519	Marionette	INFO	Listening on port 33543
1595721947588	Marionette	WARN	TLS certificate errors will be ignored for this session
1595721955772	Marionette	INFO	Stopped listening on port 33543
1595722070792	mozrunner::runner	INFO	Running command: "/usr/bin/firefox" "-marionette" "-foreground" "-no-remote" "-profile" "/tmp/rust_mozprofilewEa419"
1595722073323	Marionette	INFO	Listening on port 33861
1595722073424	Marionette	WARN	TLS certificate errors will be ignored for this session
1595722082938	Marionette	INFO	Stopped listening on port 33861
1595722096688	mozrunner::runner	INFO	Running command: "/usr/bin/firefox" "-marionette" "-foreground" "-no-remote" "-profile" "/tmp/rust_mozprofiledrKV9h"
1595722099144	Marionette	INFO	Listening on port 39527
1595722099211	Marionette	WARN	TLS certificate errors will be ignored for this session
1595722109012	Marionette	INFO	Stopped listening on port 39527
1595722157736	mozrunner::runner	INFO	Running command: "/usr/bin/firefox" "-marionette" "-foreground" "-no-remote" "-profile" "/tmp/rust_mozprofileThZz8w"
1595722160097	Marionette	INFO	Listening on port 36851
1595722160163	Marionette	WARN	TLS certificate errors will be ignored for this session
1595722168279	Marionette	INFO	Stopped listening on port 36851
1595722648809	mozrunner::runner	INFO	Running command: "/usr/bin/firefox" "-marionette" "-foreground" "-no-remote" "-profile" "/tmp/rust_mozprofilePjBamh"
1595722651262	Marionette	INFO	Listening on port 41267
1595722651329	Marionette	WARN	TLS certificate errors will be ignored for this session
1595722655768	Marionette	INFO	Stopped listening on port 41267
1595722847732	mozrunner::runner	INFO	Running command: "/usr/bin/firefox" "-marionette" "-foreground" "-no-remote" "-profile" "/tmp/rust_mozprofileGWFNu7"
1595722850214	Marionette	INFO	Listening on port 46135
1595722850252	Marionette	WARN	TLS certificate errors will be ignored for this session
1595722857248	Marionette	INFO	Stopped listening on port 46135
1595722953488	mozrunner::runner	INFO	Running command: "/usr/bin/firefox" "-marionette" "-foreground" "-no-remote" "-profile" "/tmp/rust_mozprofile7HkY0V"
1595722956044	Marionette	INFO	Listening on port 36779
1595722956108	Marionette	WARN	TLS certificate errors will be ignored for this session
1595722970149	Marionette	INFO	Stopped listening on port 36779
1595723132151	mozrunner::runner	INFO	Running command: "/usr/bin/firefox" "-marionette" "-foreground" "-no-remote" "-profile" "/tmp/rust_mozprofilevQDHPw"
1595723134657	Marionette	INFO	Listening on port 40011
1595723134679	Marionette	WARN	TLS certificate errors will be ignored for this session
1595723147614	Marionette	INFO	Stopped listening on port 40011
1595723336699	mozrunner::runner	INFO	Running command: "/usr/bin/firefox" "-marionette" "-foreground" "-no-remote" "-profile" "/tmp/rust_mozprofile6fCO29"
1595723339104	Marionette	INFO	Listening on port 41519
1595723339136	Marionette	WARN	TLS certificate errors will be ignored for this session
1595723352466	Marionette	INFO	Stopped listening on port 41519
1595723389156	mozrunner::runner	INFO	Running command: "/usr/bin/firefox" "-marionette" "-foreground" "-no-remote" "-profile" "/tmp/rust_mozprofileJGPhyx"
1595723391619	Marionette	INFO	Listening on port 33075
1595723391702	Marionette	WARN	TLS certificate errors will be ignored for this session
1595723404394	Marionette	INFO	Stopped listening on port 33075
1595723528864	mozrunner::runner	INFO	Running command: "/usr/bin/firefox" "-marionette" "-foreground" "-no-remote" "-profile" "/tmp/rust_mozprofileStU0oB"
1595723531355	Marionette	INFO	Listening on port 45539
1595723531395	Marionette	WARN	TLS certificate errors will be ignored for this session
1595723545481	Marionette	INFO	Stopped listening on port 45539
1595723576912	mozrunner::runner	INFO	Running command: "/usr/bin/firefox" "-marionette" "-foreground" "-no-remote" "-profile" "/tmp/rust_mozprofileqmC0QB"
1595723579505	Marionette	INFO	Listening on port 46315
1595723579536	Marionette	WARN	TLS certificate errors will be ignored for this session
1595723592786	Marionette	INFO	Stopped listening on port 46315
1595723705755	mozrunner::runner	INFO	Running command: "/usr/bin/firefox" "-marionette" "-foreground" "-no-remote" "-profile" "/tmp/rust_mozprofileGDNeIS"
1595723708140	Marionette	INFO	Listening on port 39529
1595723708175	Marionette	WARN	TLS certificate errors will be ignored for this session
1595723724988	Marionette	INFO	Stopped listening on port 39529
1595723788286	mozrunner::runner	INFO	Running command: "/usr/bin/firefox" "-marionette" "-foreground" "-no-remote" "-profile" "/tmp/rust_mozprofileYHjbyB"
1595723790746	Marionette	INFO	Listening on port 38489
1595723790816	Marionette	WARN	TLS certificate errors will be ignored for this session
1595723804957	Marionette	INFO	Stopped listening on port 38489
1595723894920	mozrunner::runner	INFO	Running command: "/usr/bin/firefox" "-marionette" "-foreground" "-no-remote" "-profile" "/tmp/rust_mozprofilehkN8pE"
1595723897381	Marionette	INFO	Listening on port 45095
1595723897440	Marionette	WARN	TLS certificate errors will be ignored for this session
1595723912578	Marionette	INFO	Stopped listening on port 45095
1595723933453	mozrunner::runner	INFO	Running command: "/usr/bin/firefox" "-marionette" "-foreground" "-no-remote" "-profile" "/tmp/rust_mozprofileeaSMyX"
1595723936091	Marionette	INFO	Listening on port 40307
1595723936187	Marionette	WARN	TLS certificate errors will be ignored for this session
1595723949721	Marionette	INFO	Stopped listening on port 40307
1595724224224	mozrunner::runner	INFO	Running command: "/usr/bin/firefox" "-marionette" "-foreground" "-no-remote" "-profile" "/tmp/rust_mozprofileFNkN6c"
1595724226992	Marionette	INFO	Listening on port 34647
1595724227064	Marionette	WARN	TLS certificate errors will be ignored for this session
1595724240631	Marionette	INFO	Stopped listening on port 34647
1595724275454	mozrunner::runner	INFO	Running command: "/usr/bin/firefox" "-marionette" "-foreground" "-no-remote" "-profile" "/tmp/rust_mozprofile9xM5up"
1595724278088	Marionette	INFO	Listening on port 37149
1595724278184	Marionette	WARN	TLS certificate errors will be ignored for this session
1595724292320	Marionette	INFO	Stopped listening on port 37149
1595724370877	mozrunner::runner	INFO	Running command: "/usr/bin/firefox" "-marionette" "-foreground" "-no-remote" "-profile" "/tmp/rust_mozprofileFKEq4h"
1595724373430	Marionette	INFO	Listening on port 40415
1595724373505	Marionette	WARN	TLS certificate errors will be ignored for this session
1595724386732	Marionette	INFO	Stopped listening on port 40415
1595724442162	mozrunner::runner	INFO	Running command: "/usr/bin/firefox" "-marionette" "-foreground" "-no-remote" "-profile" "/tmp/rust_mozprofile0XzNic"
1595724444751	Marionette	INFO	Listening on port 44707
1595724444809	Marionette	WARN	TLS certificate errors will be ignored for this session
1595724444857	Marionette	INFO	Stopped listening on port 44707
1595724477414	mozrunner::runner	INFO	Running command: "/usr/bin/firefox" "-marionette" "-foreground" "-no-remote" "-profile" "/tmp/rust_mozprofile3F5FJ3"
1595724479940	Marionette	INFO	Listening on port 45633
1595724480041	Marionette	WARN	TLS certificate errors will be ignored for this session
1595724495052	Marionette	INFO	Stopped listening on port 45633
1595724542452	mozrunner::runner	INFO	Running command: "/usr/bin/firefox" "-marionette" "-foreground" "-no-remote" "-profile" "/tmp/rust_mozprofilecD7D2X"
1595724544856	Marionette	INFO	Listening on port 40919
1595724544877	Marionette	WARN	TLS certificate errors will be ignored for this session
1595724558315	Marionette	INFO	Stopped listening on port 40919
1595724640088	mozrunner::runner	INFO	Running command: "/usr/bin/firefox" "-marionette" "-foreground" "-no-remote" "-profile" "/tmp/rust_mozprofile4Ro3aL"
1595724642739	Marionette	INFO	Listening on port 43035
1595724642806	Marionette	WARN	TLS certificate errors will be ignored for this session
1595724656162	Marionette	INFO	Stopped listening on port 43035
1595725309170	mozrunner::runner	INFO	Running command: "/usr/bin/firefox" "-marionette" "-foreground" "-no-remote" "-profile" "/tmp/rust_mozprofileYZ1cm8"
1595725311687	Marionette	INFO	Listening on port 43987
1595725311788	Marionette	WARN	TLS certificate errors will be ignored for this session
1595725325896	Marionette	INFO	Stopped listening on port 43987
1595725363032	mozrunner::runner	INFO	Running command: "/usr/bin/firefox" "-marionette" "-foreground" "-no-remote" "-profile" "/tmp/rust_mozprofileVrz81D"
1595725365584	Marionette	INFO	Listening on port 33249
1595725365670	Marionette	WARN	TLS certificate errors will be ignored for this session
1595725379428	Marionette	INFO	Stopped listening on port 33249
1595725388120	mozrunner::runner	INFO	Running command: "/usr/bin/firefox" "-marionette" "-foreground" "-no-remote" "-profile" "/tmp/rust_mozprofilewY6LC0"
1595725390719	Marionette	INFO	Listening on port 34023
1595725390768	Marionette	WARN	TLS certificate errors will be ignored for this session
1595725404457	Marionette	INFO	Stopped listening on port 34023
1595725669998	mozrunner::runner	INFO	Running command: "/usr/bin/firefox" "-marionette" "-foreground" "-no-remote" "-profile" "/tmp/rust_mozprofileFyfvCV"
1595725672537	Marionette	INFO	Listening on port 39357
1595725672635	Marionette	WARN	TLS certificate errors will be ignored for this session
1595725687199	Marionette	INFO	Stopped listening on port 39357
1595725754914	mozrunner::runner	INFO	Running command: "/usr/bin/firefox" "-marionette" "-foreground" "-no-remote" "-profile" "/tmp/rust_mozprofileYumKly"
1595725757563	Marionette	INFO	Listening on port 41327
1595725757628	Marionette	WARN	TLS certificate errors will be ignored for this session
1595725771410	Marionette	INFO	Stopped listening on port 41327
1595725832346	mozrunner::runner	INFO	Running command: "/usr/bin/firefox" "-marionette" "-foreground" "-no-remote" "-profile" "/tmp/rust_mozprofilex4hSf7"
1595725834899	Marionette	INFO	Listening on port 36435
1595725834992	Marionette	WARN	TLS certificate errors will be ignored for this session
1595725852043	Marionette	INFO	Stopped listening on port 36435
1595725908961	mozrunner::runner	INFO	Running command: "/usr/bin/firefox" "-marionette" "-foreground" "-no-remote" "-profile" "/tmp/rust_mozprofileCJtsIE"
1595725911502	Marionette	INFO	Listening on port 40733
1595725911604	Marionette	WARN	TLS certificate errors will be ignored for this session
1595725925559	Marionette	INFO	Stopped listening on port 40733
1595726255961	mozrunner::runner	INFO	Running command: "/usr/bin/firefox" "-marionette" "-foreground" "-no-remote" "-profile" "/tmp/rust_mozprofileBK8aUb"
1595726258542	Marionette	INFO	Listening on port 42629
1595726258596	Marionette	WARN	TLS certificate errors will be ignored for this session
1595726272655	Marionette	INFO	Stopped listening on port 42629
1595726304101	mozrunner::runner	INFO	Running command: "/usr/bin/firefox" "-marionette" "-foreground" "-no-remote" "-profile" "/tmp/rust_mozprofileIaxo2f"
1595726306688	Marionette	INFO	Listening on port 33635
1595726306736	Marionette	WARN	TLS certificate errors will be ignored for this session
1595726330589	Marionette	INFO	Stopped listening on port 33635
1595726360672	mozrunner::runner	INFO	Running command: "/usr/bin/firefox" "-marionette" "-foreground" "-no-remote" "-profile" "/tmp/rust_mozprofiletZCbl3"
1595726363235	Marionette	INFO	Listening on port 39719
1595726363296	Marionette	WARN	TLS certificate errors will be ignored for this session
1595726379216	Marionette	INFO	Stopped listening on port 39719
1595726422624	mozrunner::runner	INFO	Running command: "/usr/bin/firefox" "-marionette" "-foreground" "-no-remote" "-profile" "/tmp/rust_mozprofile4tGIqI"
1595726425174	Marionette	INFO	Listening on port 39295
1595726425277	Marionette	WARN	TLS certificate errors will be ignored for this session
1595726440554	Marionette	INFO	Stopped listening on port 39295
1595726462753	mozrunner::runner	INFO	Running command: "/usr/bin/firefox" "-marionette" "-foreground" "-no-remote" "-profile" "/tmp/rust_mozprofileOJ1UXY"
1595726465407	Marionette	INFO	Listening on port 36833
1595726465492	Marionette	WARN	TLS certificate errors will be ignored for this session
1595726479724	Marionette	INFO	Stopped listening on port 36833
1595726508369	mozrunner::runner	INFO	Running command: "/usr/bin/firefox" "-marionette" "-foreground" "-no-remote" "-profile" "/tmp/rust_mozprofilexaBrba"
1595726511063	Marionette	INFO	Listening on port 36145
1595726511105	Marionette	WARN	TLS certificate errors will be ignored for this session
1595726524857	Marionette	INFO	Stopped listening on port 36145
1595726658028	mozrunner::runner	INFO	Running command: "/usr/bin/firefox" "-marionette" "-foreground" "-no-remote" "-profile" "/tmp/rust_mozprofile2FL9YX"
1595726660582	Marionette	INFO	Listening on port 43765
1595726660654	Marionette	WARN	TLS certificate errors will be ignored for this session
1595726676941	Marionette	INFO	Stopped listening on port 43765
1595726806529	mozrunner::runner	INFO	Running command: "/usr/bin/firefox" "-marionette" "-foreground" "-no-remote" "-profile" "/tmp/rust_mozprofileb2QY9H"
1595726809017	Marionette	INFO	Listening on port 38151
1595726809069	Marionette	WARN	TLS certificate errors will be ignored for this session
1595726822999	Marionette	INFO	Stopped listening on port 38151
1595726880316	mozrunner::runner	INFO	Running command: "/usr/bin/firefox" "-marionette" "-foreground" "-no-remote" "-profile" "/tmp/rust_mozprofilezAoj7y"
1595726882942	Marionette	INFO	Listening on port 43377
1595726882973	Marionette	WARN	TLS certificate errors will be ignored for this session
1595726897649	Marionette	INFO	Stopped listening on port 43377
1595727040791	mozrunner::runner	INFO	Running command: "/usr/bin/firefox" "-marionette" "-foreground" "-no-remote" "-profile" "/tmp/rust_mozprofilejPuTQA"
1595727043346	Marionette	INFO	Listening on port 37389
1595727043418	Marionette	WARN	TLS certificate errors will be ignored for this session
1595727057585	Marionette	INFO	Stopped listening on port 37389
1595727172249	mozrunner::runner	INFO	Running command: "/usr/bin/firefox" "-marionette" "-foreground" "-no-remote" "-profile" "/tmp/rust_mozprofileH4KcMx"
1595727174738	Marionette	INFO	Listening on port 37603
1595727174773	Marionette	WARN	TLS certificate errors will be ignored for this session
1595727188612	Marionette	INFO	Stopped listening on port 37603
1595727334800	mozrunner::runner	INFO	Running command: "/usr/bin/firefox" "-marionette" "-foreground" "-no-remote" "-profile" "/tmp/rust_mozprofilellK8Ir"
1595727337335	Marionette	INFO	Listening on port 40081
1595727337433	Marionette	WARN	TLS certificate errors will be ignored for this session
console.error: "Store does not have a valid reducer. Make sure the argument passed to combineReducers is an object whose values are reducers."
Exiting due to channel error.
Exiting due to channel error.
Exiting due to channel error.
1595727446053	mozrunner::runner	INFO	Running command: "/usr/bin/firefox" "-marionette" "-foreground" "-no-remote" "-profile" "/tmp/rust_mozprofileNLDGDm"
1595727448620	Marionette	INFO	Listening on port 33689
1595727448693	Marionette	WARN	TLS certificate errors will be ignored for this session
console.error: "Store does not have a valid reducer. Make sure the argument passed to combineReducers is an object whose values are reducers."
1595727571043	mozrunner::runner	INFO	Running command: "/usr/bin/firefox" "-marionette" "-foreground" "-no-remote" "-profile" "/tmp/rust_mozprofileg3O4Wx"
1595727574119	Marionette	INFO	Listening on port 44561
1595727574199	Marionette	WARN	TLS certificate errors will be ignored for this session
console.error: "Store does not have a valid reducer. Make sure the argument passed to combineReducers is an object whose values are reducers."
1595727717392	mozrunner::runner	INFO	Running command: "/usr/bin/firefox" "-marionette" "-foreground" "-no-remote" "-profile" "/tmp/rust_mozprofileDc8kjX"
1595727720566	Marionette	INFO	Listening on port 43101
1595727720629	Marionette	WARN	TLS certificate errors will be ignored for this session
1595727734211	mozrunner::runner	INFO	Running command: "/usr/bin/firefox" "-marionette" "-foreground" "-no-remote" "-profile" "/tmp/rust_mozprofileVWQXU6"
1595727736842	Marionette	INFO	Listening on port 41775
1595727736934	Marionette	WARN	TLS certificate errors will be ignored for this session
1595727759524	mozrunner::runner	INFO	Running command: "/usr/bin/firefox" "-marionette" "-foreground" "-no-remote" "-profile" "/tmp/rust_mozprofileQcn78b"
1595727762100	Marionette	INFO	Listening on port 43133
1595727762149	Marionette	WARN	TLS certificate errors will be ignored for this session
console.error: "Store does not have a valid reducer. Make sure the argument passed to combineReducers is an object whose values are reducers."
1595727835681	Marionette	INFO	Stopped listening on port 41775
1595728270991	Marionette	INFO	Stopped listening on port 43133
1595728278597	mozrunner::runner	INFO	Running command: "/usr/bin/firefox" "-marionette" "-foreground" "-no-remote" "-profile" "/tmp/rust_mozprofileU4aBBj"
1595728281056	Marionette	INFO	Listening on port 37303
1595728281116	Marionette	WARN	TLS certificate errors will be ignored for this session
console.error: "Store does not have a valid reducer. Make sure the argument passed to combineReducers is an object whose values are reducers."
1595728367008	Marionette	INFO	Stopped listening on port 37303
1595728372252	mozrunner::runner	INFO	Running command: "/usr/bin/firefox" "-marionette" "-foreground" "-no-remote" "-profile" "/tmp/rust_mozprofileHHvv59"
1595728374605	Marionette	INFO	Listening on port 46091
1595728374672	Marionette	WARN	TLS certificate errors will be ignored for this session
1595728487750	Marionette	INFO	Stopped listening on port 46091
1595728502030	mozrunner::runner	INFO	Running command: "/usr/bin/firefox" "-marionette" "-foreground" "-no-remote" "-profile" "/tmp/rust_mozprofileJFtZ9i"
1595728504410	Marionette	INFO	Listening on port 39211
1595728504448	Marionette	WARN	TLS certificate errors will be ignored for this session
1595728509630	mozrunner::runner	INFO	Running command: "/usr/bin/firefox" "-marionette" "-foreground" "-no-remote" "-profile" "/tmp/rust_mozprofile65vWC9"
1595728512299	Marionette	INFO	Listening on port 32837
1595728512350	Marionette	WARN	TLS certificate errors will be ignored for this session
1595728540365	Marionette	INFO	Stopped listening on port 32837
1595728548172	Marionette	INFO	Stopped listening on port 39211
1595728586818	mozrunner::runner	INFO	Running command: "/usr/bin/firefox" "-marionette" "-foreground" "-no-remote" "-profile" "/tmp/rust_mozprofileVQNj1q"
1595728589245	Marionette	INFO	Listening on port 33333
1595728589333	Marionette	WARN	TLS certificate errors will be ignored for this session
1595728593763	mozrunner::runner	INFO	Running command: "/usr/bin/firefox" "-marionette" "-foreground" "-no-remote" "-profile" "/tmp/rust_mozprofileaXHJPV"
1595728596321	Marionette	INFO	Listening on port 41773
1595728596381	Marionette	WARN	TLS certificate errors will be ignored for this session
1595728610022	Marionette	INFO	Stopped listening on port 41773
console.error: "Store does not have a valid reducer. Make sure the argument passed to combineReducers is an object whose values are reducers."
1595728851623	mozrunner::runner	INFO	Running command: "/usr/bin/firefox" "-marionette" "-foreground" "-no-remote" "-profile" "/tmp/rust_mozprofile6ZxTwV"
1595728854097	Marionette	INFO	Listening on port 35405
1595728854140	Marionette	WARN	TLS certificate errors will be ignored for this session
1595728855193	mozrunner::runner	INFO	Running command: "/usr/bin/firefox" "-marionette" "-foreground" "-no-remote" "-profile" "/tmp/rust_mozprofilewJeyNg"
1595728857647	Marionette	INFO	Listening on port 37005
1595728857719	Marionette	WARN	TLS certificate errors will be ignored for this session
1595728871239	Marionette	INFO	Stopped listening on port 37005
1595728969506	Marionette	INFO	Stopped listening on port 35405
1595728971442	mozrunner::runner	INFO	Running command: "/usr/bin/firefox" "-marionette" "-foreground" "-no-remote" "-profile" "/tmp/rust_mozprofileI8YzyY"
1595728973941	Marionette	INFO	Listening on port 35755
1595728973966	Marionette	WARN	TLS certificate errors will be ignored for this session
1595728975021	mozrunner::runner	INFO	Running command: "/usr/bin/firefox" "-marionette" "-foreground" "-no-remote" "-profile" "/tmp/rust_mozprofilehHi5di"
1595728977587	Marionette	INFO	Listening on port 33983
1595728977643	Marionette	WARN	TLS certificate errors will be ignored for this session
1595728990509	Marionette	INFO	Stopped listening on port 33983
1595729150858	mozrunner::runner	INFO	Running command: "/usr/bin/firefox" "-marionette" "-foreground" "-no-remote" "-profile" "/tmp/rust_mozprofilej6Xs7W"
1595729153371	Marionette	INFO	Listening on port 44191
1595729153380	Marionette	WARN	TLS certificate errors will be ignored for this session
1595729154436	mozrunner::runner	INFO	Running command: "/usr/bin/firefox" "-marionette" "-foreground" "-no-remote" "-profile" "/tmp/rust_mozprofile6ncwR6"
1595729156856	Marionette	INFO	Listening on port 43653
1595729156867	Marionette	WARN	TLS certificate errors will be ignored for this session
1595729170307	Marionette	INFO	Stopped listening on port 43653
1595729269947	mozrunner::runner	INFO	Running command: "/usr/bin/firefox" "-marionette" "-foreground" "-no-remote" "-profile" "/tmp/rust_mozprofileGYaRiy"
1595729272433	Marionette	INFO	Listening on port 44051
1595729272493	Marionette	WARN	TLS certificate errors will be ignored for this session
1595729273571	mozrunner::runner	INFO	Running command: "/usr/bin/firefox" "-marionette" "-foreground" "-no-remote" "-profile" "/tmp/rust_mozprofilegsIy1i"
1595729276000	Marionette	INFO	Listening on port 37197
1595729276023	Marionette	WARN	TLS certificate errors will be ignored for this session
1595729289862	Marionette	INFO	Stopped listening on port 37197
1595729300778	Marionette	INFO	Stopped listening on port 44051
1595729319398	mozrunner::runner	INFO	Running command: "/usr/bin/firefox" "-marionette" "-foreground" "-no-remote" "-profile" "/tmp/rust_mozprofilevc1ddx"
1595729321884	Marionette	INFO	Listening on port 34453
1595729321928	Marionette	WARN	TLS certificate errors will be ignored for this session
1595729322977	mozrunner::runner	INFO	Running command: "/usr/bin/firefox" "-marionette" "-foreground" "-no-remote" "-profile" "/tmp/rust_mozprofiledmxyfj"
JavaScript error: resource://gre/modules/URIFixup.jsm, line 281: NS_ERROR_FAILURE: Should pass a non-null uri
1595729325706	Marionette	INFO	Listening on port 37307
1595729325714	Marionette	WARN	TLS certificate errors will be ignored for this session
1595729330708	Marionette	INFO	Stopped listening on port 34453
1595729339413	Marionette	INFO	Stopped listening on port 37307
1595729385423	Marionette	INFO	Stopped listening on port 44191
1595729387291	mozrunner::runner	INFO	Running command: "/usr/bin/firefox" "-marionette" "-foreground" "-no-remote" "-profile" "/tmp/rust_mozprofiler3j972"
1595729389797	Marionette	INFO	Listening on port 41947
1595729389820	Marionette	WARN	TLS certificate errors will be ignored for this session
1595729389885	mozrunner::runner	INFO	Running command: "/usr/bin/firefox" "-marionette" "-foreground" "-no-remote" "-profile" "/tmp/rust_mozprofilel8agTw"
1595729392483	Marionette	INFO	Listening on port 43881
1595729392509	Marionette	WARN	TLS certificate errors will be ignored for this session
1595729406559	Marionette	INFO	Stopped listening on port 43881
1595729454597	Marionette	INFO	Stopped listening on port 41947
1595729549823	mozrunner::runner	INFO	Running command: "/usr/bin/firefox" "-marionette" "-foreground" "-no-remote" "-profile" "/tmp/rust_mozprofileUNzeWN"
1595729552329	Marionette	INFO	Listening on port 46579
1595729552355	Marionette	WARN	TLS certificate errors will be ignored for this session
1595729552411	mozrunner::runner	INFO	Running command: "/usr/bin/firefox" "-marionette" "-foreground" "-no-remote" "-profile" "/tmp/rust_mozprofileDxcocR"
1595729555142	Marionette	INFO	Listening on port 35917
1595729555231	Marionette	WARN	TLS certificate errors will be ignored for this session
1595729569137	Marionette	INFO	Stopped listening on port 35917
1595729588465	Marionette	INFO	Stopped listening on port 46579
1595729615332	Marionette	INFO	Stopped listening on port 35755
1595729619741	Marionette	INFO	Stopped listening on port 33333
1595729623564	mozrunner::runner	INFO	Running command: "/usr/bin/firefox" "-marionette" "-foreground" "-no-remote" "-profile" "/tmp/rust_mozprofiley9Lfic"
1595729625956	Marionette	INFO	Listening on port 44873
1595729625987	Marionette	WARN	TLS certificate errors will be ignored for this session
1595729627038	mozrunner::runner	INFO	Running command: "/usr/bin/firefox" "-marionette" "-foreground" "-no-remote" "-profile" "/tmp/rust_mozprofileNn19XN"
1595729629547	Marionette	INFO	Listening on port 34231
1595729629562	Marionette	WARN	TLS certificate errors will be ignored for this session
1595729642421	Marionette	INFO	Stopped listening on port 34231
1595729644981	Marionette	INFO	Stopped listening on port 44873
1595729732301	mozrunner::runner	INFO	Running command: "/usr/bin/firefox" "-marionette" "-foreground" "-no-remote" "-profile" "/tmp/rust_mozprofilexwGfWx"
1595729734635	Marionette	INFO	Listening on port 37293
1595729734714	Marionette	WARN	TLS certificate errors will be ignored for this session
1595729735772	mozrunner::runner	INFO	Running command: "/usr/bin/firefox" "-marionette" "-foreground" "-no-remote" "-profile" "/tmp/rust_mozprofilesVcQzs"
1595729738264	Marionette	INFO	Listening on port 38121
1595729738311	Marionette	WARN	TLS certificate errors will be ignored for this session
1595729752145	Marionette	INFO	Stopped listening on port 38121
1595729765008	Marionette	INFO	Stopped listening on port 37293
1595729885840	mozrunner::runner	INFO	Running command: "/usr/bin/firefox" "-marionette" "-foreground" "-no-remote" "-profile" "/tmp/rust_mozprofileVIwbdQ"
1595729888270	Marionette	INFO	Listening on port 34909
1595729888359	Marionette	WARN	TLS certificate errors will be ignored for this session
JavaScript error: resource://gre/modules/URIFixup.jsm, line 281: NS_ERROR_FAILURE: Should pass a non-null uri
1595729931379	Marionette	INFO	Stopped listening on port 34909
1595729932064	mozrunner::runner	INFO	Running command: "/usr/bin/firefox" "-marionette" "-foreground" "-no-remote" "-profile" "/tmp/rust_mozprofilegdhTrv"
1595729934500	Marionette	INFO	Listening on port 34521
1595729934583	Marionette	WARN	TLS certificate errors will be ignored for this session
1595729935632	mozrunner::runner	INFO	Running command: "/usr/bin/firefox" "-marionette" "-foreground" "-no-remote" "-profile" "/tmp/rust_mozprofileDOipWS"
1595729938137	Marionette	INFO	Listening on port 33441
1595729938188	Marionette	WARN	TLS certificate errors will be ignored for this session
1595729952059	Marionette	INFO	Stopped listening on port 33441
1595729978341	mozrunner::runner	INFO	Running command: "/usr/bin/firefox" "-marionette" "-foreground" "-no-remote" "-profile" "/tmp/rust_mozprofileAylOm9"
1595729980818	Marionette	INFO	Listening on port 43131
1595729980878	Marionette	WARN	TLS certificate errors will be ignored for this session

###!!! [Parent][MessageChannel] Error: (msgtype=0x1D0011,name=PBackgroundStorage::Msg_Observe) Channel error: cannot send/recv

1595729987046	Marionette	INFO	Stopped listening on port 34521
1595730089564	Marionette	INFO	Stopped listening on port 43131
1595730090435	mozrunner::runner	INFO	Running command: "/usr/bin/firefox" "-marionette" "-foreground" "-no-remote" "-profile" "/tmp/rust_mozprofile49eOPB"
1595730092957	Marionette	INFO	Listening on port 41681
1595730092969	Marionette	WARN	TLS certificate errors will be ignored for this session
1595730123566	Marionette	INFO	Stopped listening on port 41681
1595730123775	mozrunner::runner	INFO	Running command: "/usr/bin/firefox" "-marionette" "-foreground" "-no-remote" "-profile" "/tmp/rust_mozprofileLZvDiR"
1595730126325	Marionette	INFO	Listening on port 44853
1595730126399	Marionette	WARN	TLS certificate errors will be ignored for this session
1595730262352	Marionette	INFO	Stopped listening on port 44853
1595730263793	mozrunner::runner	INFO	Running command: "/usr/bin/firefox" "-marionette" "-foreground" "-no-remote" "-profile" "/tmp/rust_mozprofile1o1CvV"
1595730266214	Marionette	INFO	Listening on port 42385
1595730266313	Marionette	WARN	TLS certificate errors will be ignored for this session
1595730303077	Marionette	INFO	Stopped listening on port 42385
1595730304759	mozrunner::runner	INFO	Running command: "/usr/bin/firefox" "-marionette" "-foreground" "-no-remote" "-profile" "/tmp/rust_mozprofile62gwL7"
1595730307209	Marionette	INFO	Listening on port 46045
1595730307276	Marionette	WARN	TLS certificate errors will be ignored for this session
1595730419295	Marionette	INFO	Stopped listening on port 46045
1595730426038	mozrunner::runner	INFO	Running command: "/usr/bin/firefox" "-marionette" "-foreground" "-no-remote" "-profile" "/tmp/rust_mozprofileMUa7yQ"
1595730428479	Marionette	INFO	Listening on port 38771
1595730428563	Marionette	WARN	TLS certificate errors will be ignored for this session
1595730433284	mozrunner::runner	INFO	Running command: "/usr/bin/firefox" "-marionette" "-foreground" "-no-remote" "-profile" "/tmp/rust_mozprofileRk0Xru"
1595730435733	Marionette	INFO	Listening on port 32999
1595730435812	Marionette	WARN	TLS certificate errors will be ignored for this session
1595730450041	Marionette	INFO	Stopped listening on port 32999
1595730473001	mozrunner::runner	INFO	Running command: "/usr/bin/firefox" "-marionette" "-foreground" "-no-remote" "-profile" "/tmp/rust_mozprofileeiJUdC"
1595730475509	Marionette	INFO	Listening on port 40093
1595730475522	Marionette	WARN	TLS certificate errors will be ignored for this session
1595730480361	mozrunner::runner	INFO	Running command: "/usr/bin/firefox" "-marionette" "-foreground" "-no-remote" "-profile" "/tmp/rust_mozprofilehY7wKY"
1595730482869	Marionette	INFO	Listening on port 34717
1595730482879	Marionette	WARN	TLS certificate errors will be ignored for this session
1595730499020	Marionette	INFO	Stopped listening on port 34717
1595730500816	Marionette	INFO	Stopped listening on port 40093
1595730534662	mozrunner::runner	INFO	Running command: "/usr/bin/firefox" "-marionette" "-foreground" "-no-remote" "-profile" "/tmp/rust_mozprofilefbwUFF"
1595730537090	Marionette	INFO	Listening on port 41927
1595730537104	Marionette	WARN	TLS certificate errors will be ignored for this session
1595730541428	mozrunner::runner	INFO	Running command: "/usr/bin/firefox" "-marionette" "-foreground" "-no-remote" "-profile" "/tmp/rust_mozprofileXkh0pr"
1595730544025	Marionette	INFO	Listening on port 38783
1595730544053	Marionette	WARN	TLS certificate errors will be ignored for this session
1595730561387	Marionette	INFO	Stopped listening on port 38783
1595730757482	mozrunner::runner	INFO	Running command: "/usr/bin/firefox" "-marionette" "-foreground" "-no-remote" "-profile" "/tmp/rust_mozprofile3GrmHf"
1595730759992	Marionette	INFO	Listening on port 41301
1595730760006	Marionette	WARN	TLS certificate errors will be ignored for this session
1595730764711	mozrunner::runner	INFO	Running command: "/usr/bin/firefox" "-marionette" "-foreground" "-no-remote" "-profile" "/tmp/rust_mozprofileeBzJjj"
1595730767249	Marionette	INFO	Listening on port 46663
1595730767276	Marionette	WARN	TLS certificate errors will be ignored for this session
1595730782897	Marionette	INFO	Stopped listening on port 46663
1595730882150	Marionette	INFO	Stopped listening on port 41301
1595730883577	Marionette	INFO	Stopped listening on port 41927
1595730884808	Marionette	INFO	Stopped listening on port 38771
1595730920240	mozrunner::runner	INFO	Running command: "/usr/bin/firefox" "-marionette" "-foreground" "-no-remote" "-profile" "/tmp/rust_mozprofiler7Brtf"
1595730922754	Marionette	INFO	Listening on port 39287
1595730922788	Marionette	WARN	TLS certificate errors will be ignored for this session
1595730926972	mozrunner::runner	INFO	Running command: "/usr/bin/firefox" "-marionette" "-foreground" "-no-remote" "-profile" "/tmp/rust_mozprofile90FDlC"
1595730929531	Marionette	INFO	Listening on port 42213
1595730929592	Marionette	WARN	TLS certificate errors will be ignored for this session
1595730947100	Marionette	INFO	Stopped listening on port 42213
1595730952326	Marionette	INFO	Stopped listening on port 39287
1595731061807	mozrunner::runner	INFO	Running command: "/usr/bin/firefox" "-marionette" "-foreground" "-no-remote" "-profile" "/tmp/rust_mozprofileVRKmJx"
1595731064224	Marionette	INFO	Listening on port 41883
1595731064252	Marionette	WARN	TLS certificate errors will be ignored for this session
1595731068445	mozrunner::runner	INFO	Running command: "/usr/bin/firefox" "-marionette" "-foreground" "-no-remote" "-profile" "/tmp/rust_mozprofile3gTuOu"
1595731071257	Marionette	INFO	Listening on port 36723
1595731071272	Marionette	WARN	TLS certificate errors will be ignored for this session
1595731085844	Marionette	INFO	Stopped listening on port 41883
1595731085976	Marionette	INFO	Stopped listening on port 36723
1595731114614	mozrunner::runner	INFO	Running command: "/usr/bin/firefox" "-marionette" "-foreground" "-no-remote" "-profile" "/tmp/rust_mozprofilepnMgJB"
1595731117113	Marionette	INFO	Listening on port 37151
1595731117138	Marionette	WARN	TLS certificate errors will be ignored for this session
1595731120288	mozrunner::runner	INFO	Running command: "/usr/bin/firefox" "-marionette" "-foreground" "-no-remote" "-profile" "/tmp/rust_mozprofile6w1mxT"
1595731122907	Marionette	INFO	Listening on port 42711
1595731122918	Marionette	WARN	TLS certificate errors will be ignored for this session
1595731136051	Marionette	INFO	Stopped listening on port 42711
1595731191406	Marionette	INFO	Stopped listening on port 37151
1595731193133	mozrunner::runner	INFO	Running command: "/usr/bin/firefox" "-marionette" "-foreground" "-no-remote" "-profile" "/tmp/rust_mozprofileXzaCTV"
1595731195567	Marionette	INFO	Listening on port 40757
1595731195652	Marionette	WARN	TLS certificate errors will be ignored for this session
1595731199588	mozrunner::runner	INFO	Running command: "/usr/bin/firefox" "-marionette" "-foreground" "-no-remote" "-profile" "/tmp/rust_mozprofileLXkwH1"
1595731202062	Marionette	INFO	Listening on port 38665
1595731202120	Marionette	WARN	TLS certificate errors will be ignored for this session
1595731218360	Marionette	INFO	Stopped listening on port 38665

###!!! [Parent][RunMessage] Error: Channel closing: too late to send/recv, messages will be lost

1595731397012	mozrunner::runner	INFO	Running command: "/usr/bin/firefox" "-marionette" "-foreground" "-no-remote" "-profile" "/tmp/rust_mozprofile4xIAKD"
1595731399486	Marionette	INFO	Listening on port 36277
1595731399535	Marionette	WARN	TLS certificate errors will be ignored for this session
1595731404232	mozrunner::runner	INFO	Running command: "/usr/bin/firefox" "-marionette" "-foreground" "-no-remote" "-profile" "/tmp/rust_mozprofileshrXnb"
1595731406978	Marionette	INFO	Listening on port 39069
1595731407072	Marionette	WARN	TLS certificate errors will be ignored for this session
1595731421829	Marionette	INFO	Stopped listening on port 39069
1595731449935	mozrunner::runner	INFO	Running command: "/usr/bin/firefox" "-marionette" "-foreground" "-no-remote" "-profile" "/tmp/rust_mozprofileP2A8sV"
1595731452460	Marionette	INFO	Listening on port 35081
1595731452556	Marionette	WARN	TLS certificate errors will be ignored for this session
1595731456638	mozrunner::runner	INFO	Running command: "/usr/bin/firefox" "-marionette" "-foreground" "-no-remote" "-profile" "/tmp/rust_mozprofileD7iUrY"
1595731459492	Marionette	INFO	Listening on port 36775
1595731459566	Marionette	WARN	TLS certificate errors will be ignored for this session
1595731475290	Marionette	INFO	Stopped listening on port 36775
1595731496390	Marionette	INFO	Stopped listening on port 35081
1595731498522	Marionette	INFO	Stopped listening on port 36277

###!!! [Parent][MessageChannel] Error: (msgtype=0x1D0011,name=PBackgroundStorage::Msg_Observe) Channel error: cannot send/recv

1595731499776	Marionette	INFO	Stopped listening on port 40757
1595731501432	mozrunner::runner	INFO	Running command: "/usr/bin/firefox" "-marionette" "-foreground" "-no-remote" "-profile" "/tmp/rust_mozprofilemngp0J"
1595731503825	Marionette	INFO	Listening on port 43787
1595731503853	Marionette	WARN	TLS certificate errors will be ignored for this session
1595731508242	mozrunner::runner	INFO	Running command: "/usr/bin/firefox" "-marionette" "-foreground" "-no-remote" "-profile" "/tmp/rust_mozprofileIXjyAe"
1595731510831	Marionette	INFO	Listening on port 32769
1595731510882	Marionette	WARN	TLS certificate errors will be ignored for this session
1595731525875	Marionette	INFO	Stopped listening on port 32769
